nohup: ignoring input

  .   ____          _            __ _ _
 /\\ / ___'_ __ _ _(_)_ __  __ _ \ \ \ \
( ( )\___ | '_ | '_| | '_ \/ _` | \ \ \ \
 \\/  ___)| |_)| | | | | || (_| |  ) ) ) )
  '  |____| .__|_| |_|_| |_\__, | / / / /
 =========|_|==============|___/=/_/_/_/
 :: Spring Boot ::        (v2.3.1.RELEASE)

2021-04-23 16:32:17.662  INFO 36784 --- [           main] com.soaint.RestTareaApplication          : Starting RestTareaApplication v0.0.1 on DESKTOP-2IOQ5AT with PID 36784 (D:\datos\pruebas_tecnicas\SOAINT\INSTALACION\rest-tarea-0.0.1.jar started by GAMER in D:\datos\pruebas_tecnicas\SOAINT\INSTALACION)
2021-04-23 16:32:17.666  INFO 36784 --- [           main] com.soaint.RestTareaApplication          : No active profile set, falling back to default profiles: default
2021-04-23 16:32:19.178  INFO 36784 --- [           main] .s.d.r.c.RepositoryConfigurationDelegate : Bootstrapping Spring Data JPA repositories in DEFAULT mode.
2021-04-23 16:32:19.263  INFO 36784 --- [           main] .s.d.r.c.RepositoryConfigurationDelegate : Finished Spring Data repository scanning in 75ms. Found 1 JPA repository interfaces.
2021-04-23 16:32:22.121  INFO 36784 --- [           main] o.s.b.w.embedded.tomcat.TomcatWebServer  : Tomcat initialized with port(s): 8090 (http)
2021-04-23 16:32:22.143  INFO 36784 --- [           main] o.apache.catalina.core.StandardService   : Starting service [Tomcat]
2021-04-23 16:32:22.144  INFO 36784 --- [           main] org.apache.catalina.core.StandardEngine  : Starting Servlet engine: [Apache Tomcat/9.0.36]
2021-04-23 16:32:22.271  INFO 36784 --- [           main] o.a.c.c.C.[Tomcat].[localhost].[/]       : Initializing Spring embedded WebApplicationContext
2021-04-23 16:32:22.271  INFO 36784 --- [           main] w.s.c.ServletWebServerApplicationContext : Root WebApplicationContext: initialization completed in 4496 ms
2021-04-23 16:32:22.554  INFO 36784 --- [           main] com.zaxxer.hikari.HikariDataSource       : HikariPool-1 - Starting...
2021-04-23 16:32:24.622  INFO 36784 --- [           main] com.zaxxer.hikari.HikariDataSource       : HikariPool-1 - Start completed.
2021-04-23 16:32:24.783  INFO 36784 --- [           main] o.hibernate.jpa.internal.util.LogHelper  : HHH000204: Processing PersistenceUnitInfo [
	name: default
	...]
2021-04-23 16:32:25.278  INFO 36784 --- [           main] org.hibernate.Version                    : HHH000412: Hibernate Core {5.2.12.Final}
2021-04-23 16:32:25.288  INFO 36784 --- [           main] org.hibernate.cfg.Environment            : HHH000206: hibernate.properties not found
2021-04-23 16:32:25.437  INFO 36784 --- [           main] o.hibernate.annotations.common.Version   : HCANN000001: Hibernate Commons Annotations {5.0.1.Final}
2021-04-23 16:32:25.825  INFO 36784 --- [           main] org.hibernate.dialect.Dialect            : HHH000400: Using dialect: org.hibernate.dialect.MySQL5Dialect
2021-04-23 16:32:25.850  INFO 36784 --- [           main] o.h.e.j.e.i.LobCreatorBuilderImpl        : HHH000422: Disabling contextual LOB creation as connection was null
2021-04-23 16:32:26.661  INFO 36784 --- [           main] j.LocalContainerEntityManagerFactoryBean : Initialized JPA EntityManagerFactory for persistence unit 'default'
2021-04-23 16:32:27.316  WARN 36784 --- [           main] JpaBaseConfiguration$JpaWebConfiguration : spring.jpa.open-in-view is enabled by default. Therefore, database queries may be performed during view rendering. Explicitly configure spring.jpa.open-in-view to disable this warning
2021-04-23 16:32:27.504  INFO 36784 --- [           main] pertySourcedRequestMappingHandlerMapping : Mapped URL path [/v2/api-docs] onto method [springfox.documentation.swagger2.web.Swagger2Controller#getDocumentation(String, HttpServletRequest)]
2021-04-23 16:32:27.694  INFO 36784 --- [           main] o.s.s.concurrent.ThreadPoolTaskExecutor  : Initializing ExecutorService 'applicationTaskExecutor'
2021-04-23 16:32:28.077  INFO 36784 --- [           main] o.s.b.w.embedded.tomcat.TomcatWebServer  : Tomcat started on port(s): 8090 (http) with context path ''
2021-04-23 16:32:28.078  INFO 36784 --- [           main] d.s.w.p.DocumentationPluginsBootstrapper : Context refreshed
2021-04-23 16:32:28.115  INFO 36784 --- [           main] d.s.w.p.DocumentationPluginsBootstrapper : Found 1 custom documentation plugin(s)
2021-04-23 16:32:28.331  INFO 36784 --- [           main] s.d.s.w.s.ApiListingReferenceScanner     : Scanning for api listing references
2021-04-23 16:32:28.371  INFO 36784 --- [nio-8090-exec-2] o.a.c.c.C.[Tomcat].[localhost].[/]       : Initializing Spring DispatcherServlet 'dispatcherServlet'
2021-04-23 16:32:28.371  INFO 36784 --- [nio-8090-exec-2] o.s.web.servlet.DispatcherServlet        : Initializing Servlet 'dispatcherServlet'
2021-04-23 16:32:28.386  INFO 36784 --- [nio-8090-exec-2] o.s.web.servlet.DispatcherServlet        : Completed initialization in 15 ms
2021-04-23 16:32:28.591  INFO 36784 --- [           main] com.soaint.RestTareaApplication          : Started RestTareaApplication in 11.592 seconds (JVM running for 12.235)
